----------

Mon Mar 25 2024 12:06:31 GMT+0100 (Central European Standard Time)

/Users/frederikriedel/Websites/on point/publish.sh: line 2: cd: /Users/frederikriedel/Websites/on: No such file or directory


----------

Mon Mar 25 2024 12:06:31 GMT+0100 (Central European Standard Time)

fatal: not a git repository (or any of the parent directories): .git


----------

Mon Mar 25 2024 12:06:31 GMT+0100 (Central European Standard Time)

fatal: not a git repository (or any of the parent directories): .git


----------

Mon Mar 25 2024 12:06:31 GMT+0100 (Central European Standard Time)

fatal: not a git repository (or any of the parent directories): .git


----------

Mon Mar 25 2024 17:22:38 GMT+0100 (Central European Standard Time)

/Users/frederikriedel/Websites/on point/publish.sh: line 2: cd: /Users/frederikriedel/Websites/on: No such file or directory


----------

Mon Mar 25 2024 17:22:38 GMT+0100 (Central European Standard Time)

fatal: not a git repository (or any of the parent directories): .git


----------

Mon Mar 25 2024 17:22:38 GMT+0100 (Central European Standard Time)

fatal: not a git repository (or any of the parent directories): .git


----------

Mon Mar 25 2024 17:22:38 GMT+0100 (Central European Standard Time)

fatal: not a git repository (or any of the parent directories): .git


----------

Mon Mar 25 2024 17:32:19 GMT+0100 (Central European Standard Time)

/Users/frederikriedel/Websites/on point/publish.sh: line 2: cd: /Users/frederikriedel/Websites/on: No such file or directory


----------

Mon Mar 25 2024 17:32:19 GMT+0100 (Central European Standard Time)

fatal: not a git repository (or any of the parent directories): .git


----------

Mon Mar 25 2024 17:32:19 GMT+0100 (Central European Standard Time)

fatal: not a git repository (or any of the parent directories): .git


----------

Mon Mar 25 2024 17:32:19 GMT+0100 (Central European Standard Time)

fatal: not a git repository (or any of the parent directories): .git


----------

Mon Mar 25 2024 17:44:14 GMT+0100 (Central European Standard Time)

/Users/frederikriedel/Websites/on point/publish.sh: line 2: cd: /Users/frederikriedel/Websites/on: No such file or directory


----------

Mon Mar 25 2024 17:44:14 GMT+0100 (Central European Standard Time)

fatal: not a git repository (or any of the parent directories): .git


----------

Mon Mar 25 2024 17:44:14 GMT+0100 (Central European Standard Time)

fatal: not a git repository (or any of the parent directories): .git


----------

Mon Mar 25 2024 17:44:14 GMT+0100 (Central European Standard Time)

fatal: not a git repository (or any of the parent directories): .git


----------

Mon Mar 25 2024 17:47:48 GMT+0100 (Central European Standard Time)

/Users/frederikriedel/Websites/on point/publish.sh: line 2: cd: /Users/frederikriedel/Websites/on: No such file or directory


----------

Mon Mar 25 2024 17:47:48 GMT+0100 (Central European Standard Time)

fatal: not a git repository (or any of the parent directories): .git


----------

Mon Mar 25 2024 17:47:48 GMT+0100 (Central European Standard Time)

fatal: not a git repository (or any of the parent directories): .git


----------

Mon Mar 25 2024 17:47:48 GMT+0100 (Central European Standard Time)

fatal: not a git repository (or any of the parent directories): .git


----------

Mon Mar 25 2024 17:48:37 GMT+0100 (Central European Standard Time)

/Users/frederikriedel/Websites/on point/publish.sh: line 2: cd: /Users/frederikriedel/Websites/on: No such file or directory


----------

Mon Mar 25 2024 17:48:37 GMT+0100 (Central European Standard Time)

fatal: not a git repository (or any of the parent directories): .git


----------

Mon Mar 25 2024 17:48:37 GMT+0100 (Central European Standard Time)

fatal: not a git repository (or any of the parent directories): .git


----------

Mon Mar 25 2024 17:48:37 GMT+0100 (Central European Standard Time)

fatal: not a git repository (or any of the parent directories): .git


----------

Mon Mar 25 2024 17:48:50 GMT+0100 (Central European Standard Time)

/Users/frederikriedel/Websites/on point/publish.sh: line 2: cd: /Users/frederikriedel/Websites/on: No such file or directory


----------

Mon Mar 25 2024 17:48:50 GMT+0100 (Central European Standard Time)

fatal: not a git repository (or any of the parent directories): .git


----------

Mon Mar 25 2024 17:48:50 GMT+0100 (Central European Standard Time)

fatal: not a git repository (or any of the parent directories): .git


----------

Mon Mar 25 2024 17:48:50 GMT+0100 (Central European Standard Time)

fatal: not a git repository (or any of the parent directories): .git


----------

Mon Mar 25 2024 17:49:28 GMT+0100 (Central European Standard Time)

To https://github.com/riedel-wtf/on-point-website.git
   d7c46c3..df823c9  main -> main


----------

Mon Mar 25 2024 22:26:15 GMT+0100 (Central European Standard Time)

To https://github.com/riedel-wtf/on-point-website.git
   df823c9..b90fa53  main -> main


